{"contracts\\mocks\\MockCards1155.sol":{"l":{"16":0,"20":0},"path":"C:\\rps-v2-1155\\contracts\\mocks\\MockCards1155.sol","s":{"1":0,"2":0},"b":{"1":[0,0],"2":[0,0]},"f":{"1":0,"2":0,"3":0},"fnMap":{"1":{"name":"constructor","line":13,"loc":{"start":{"line":13,"column":4},"end":{"line":13,"column":72}}},"2":{"name":"mint","line":15,"loc":{"start":{"line":15,"column":4},"end":{"line":17,"column":4}}},"3":{"name":"mintBatch","line":19,"loc":{"start":{"line":19,"column":4},"end":{"line":21,"column":4}}}},"statementMap":{"1":{"start":{"line":16,"column":8},"end":{"line":16,"column":32}},"2":{"start":{"line":20,"column":8},"end":{"line":20,"column":39}}},"branchMap":{"1":{"line":15,"type":"if","locations":[{"start":{"line":15,"column":67},"end":{"line":15,"column":67}},{"start":{"line":15,"column":67},"end":{"line":15,"column":67}}]},"2":{"line":19,"type":"if","locations":[{"start":{"line":19,"column":96},"end":{"line":19,"column":96}},{"start":{"line":19,"column":96},"end":{"line":19,"column":96}}]}}},"contracts\\RPSCards1155.sol":{"l":{"19":1,"23":0,"24":0,"28":0,"32":0,"36":0,"40":0,"44":2,"51":9},"path":"C:\\rps-v2-1155\\contracts\\RPSCards1155.sol","s":{"1":0,"2":0,"3":0,"4":0,"5":0,"6":2,"7":9},"b":{"1":[0,0],"2":[0,0],"3":[2,0]},"f":{"1":1,"2":0,"3":0,"4":0,"5":0,"6":0,"7":2,"8":9},"fnMap":{"1":{"name":"constructor","line":18,"loc":{"start":{"line":18,"column":4},"end":{"line":20,"column":4}}},"2":{"name":"setBaseURI","line":22,"loc":{"start":{"line":22,"column":4},"end":{"line":25,"column":4}}},"3":{"name":"uri","line":27,"loc":{"start":{"line":27,"column":4},"end":{"line":29,"column":4}}},"4":{"name":"isRare","line":31,"loc":{"start":{"line":31,"column":4},"end":{"line":33,"column":4}}},"5":{"name":"baseKind","line":35,"loc":{"start":{"line":35,"column":4},"end":{"line":37,"column":4}}},"6":{"name":"devMint","line":39,"loc":{"start":{"line":39,"column":4},"end":{"line":41,"column":4}}},"7":{"name":"devMintBatch","line":43,"loc":{"start":{"line":43,"column":4},"end":{"line":45,"column":4}}},"8":{"name":"_update","line":47,"loc":{"start":{"line":47,"column":4},"end":{"line":52,"column":4}}}},"statementMap":{"1":{"start":{"line":24,"column":8},"end":{"line":24,"column":22}},"2":{"start":{"line":28,"column":8},"end":{"line":28,"column":70}},"3":{"start":{"line":32,"column":8},"end":{"line":32,"column":33}},"4":{"start":{"line":36,"column":8},"end":{"line":36,"column":33}},"5":{"start":{"line":40,"column":8},"end":{"line":40,"column":32}},"6":{"start":{"line":44,"column":8},"end":{"line":44,"column":39}},"7":{"start":{"line":51,"column":8},"end":{"line":51,"column":43}}},"branchMap":{"1":{"line":22,"type":"if","locations":[{"start":{"line":22,"column":52},"end":{"line":22,"column":52}},{"start":{"line":22,"column":52},"end":{"line":22,"column":52}}]},"2":{"line":39,"type":"if","locations":[{"start":{"line":39,"column":70},"end":{"line":39,"column":70}},{"start":{"line":39,"column":70},"end":{"line":39,"column":70}}]},"3":{"line":43,"type":"if","locations":[{"start":{"line":43,"column":99},"end":{"line":43,"column":99}},{"start":{"line":43,"column":99},"end":{"line":43,"column":99}}]}}},"contracts\\RPSGame1155.sol":{"l":{"30":1,"34":6,"37":2,"40":1,"41":1,"42":1,"43":1,"47":4,"48":4,"49":4,"57":4,"61":2,"62":2,"63":2,"64":2,"65":1,"67":1,"69":1,"70":1,"71":1,"73":1,"74":1,"75":1,"77":1,"78":0,"79":0,"80":0,"81":0,"83":0,"84":0,"85":0,"86":0,"88":1,"89":1,"90":1,"91":1,"94":1,"95":1,"99":0,"100":0,"101":0,"103":0,"104":0,"105":0},"path":"C:\\rps-v2-1155\\contracts\\RPSGame1155.sol","s":{"1":6,"2":2,"3":1,"4":0,"5":1,"6":0,"7":1,"8":0,"9":1,"10":4,"11":4,"12":2,"13":2,"14":2,"15":2,"16":1,"17":1,"18":1,"19":1,"20":1,"21":1,"22":1,"23":0,"24":0,"25":1,"26":0,"27":0,"28":1,"29":1,"30":1,"31":0,"32":0,"33":0,"34":0,"35":0},"b":{"1":[0,1],"2":[0,1],"3":[0,1],"4":[2,0],"5":[2,0],"6":[1,1],"7":[1,0],"8":[0,1],"9":[0,1],"10":[0,0],"11":[0,0]},"f":{"1":1,"2":6,"3":2,"4":1,"5":4,"6":2,"7":0},"fnMap":{"1":{"name":"constructor","line":29,"loc":{"start":{"line":29,"column":4},"end":{"line":31,"column":4}}},"2":{"name":"_isRare","line":33,"loc":{"start":{"line":33,"column":4},"end":{"line":35,"column":4}}},"3":{"name":"_baseKind","line":36,"loc":{"start":{"line":36,"column":4},"end":{"line":38,"column":4}}},"4":{"name":"_beats","line":39,"loc":{"start":{"line":39,"column":4},"end":{"line":44,"column":4}}},"5":{"name":"createMatch","line":46,"loc":{"start":{"line":46,"column":4},"end":{"line":58,"column":4}}},"6":{"name":"joinMatch","line":60,"loc":{"start":{"line":60,"column":4},"end":{"line":96,"column":4}}},"7":{"name":"cancelMatch","line":98,"loc":{"start":{"line":98,"column":4},"end":{"line":106,"column":4}}}},"statementMap":{"1":{"start":{"line":34,"column":8},"end":{"line":34,"column":33}},"2":{"start":{"line":37,"column":8},"end":{"line":37,"column":33}},"3":{"start":{"line":40,"column":8},"end":{"line":40,"column":41}},"4":{"start":{"line":40,"column":30},"end":{"line":40,"column":41}},"5":{"start":{"line":41,"column":8},"end":{"line":41,"column":41}},"6":{"start":{"line":41,"column":30},"end":{"line":41,"column":41}},"7":{"start":{"line":42,"column":8},"end":{"line":42,"column":41}},"8":{"start":{"line":42,"column":30},"end":{"line":42,"column":41}},"9":{"start":{"line":43,"column":8},"end":{"line":43,"column":20}},"10":{"start":{"line":47,"column":8},"end":{"line":47,"column":72}},"11":{"start":{"line":57,"column":8},"end":{"line":57,"column":68}},"12":{"start":{"line":61,"column":8},"end":{"line":61,"column":37}},"13":{"start":{"line":62,"column":8},"end":{"line":62,"column":47}},"14":{"start":{"line":63,"column":8},"end":{"line":63,"column":67}},"15":{"start":{"line":64,"column":8},"end":{"line":64,"column":47}},"16":{"start":{"line":65,"column":8},"end":{"line":65,"column":68}},"17":{"start":{"line":67,"column":8},"end":{"line":67,"column":72}},"18":{"start":{"line":71,"column":8},"end":{"line":71,"column":49}},"19":{"start":{"line":73,"column":8},"end":{"line":73,"column":35}},"20":{"start":{"line":74,"column":8},"end":{"line":74,"column":35}},"21":{"start":{"line":75,"column":8},"end":{"line":75,"column":25}},"22":{"start":{"line":77,"column":8},"end":{"line":77,"column":2644}},"23":{"start":{"line":78,"column":12},"end":{"line":78,"column":67}},"24":{"start":{"line":79,"column":12},"end":{"line":79,"column":67}},"25":{"start":{"line":82,"column":15},"end":{"line":82,"column":2873}},"26":{"start":{"line":83,"column":12},"end":{"line":83,"column":67}},"27":{"start":{"line":84,"column":12},"end":{"line":84,"column":67}},"28":{"start":{"line":88,"column":12},"end":{"line":88,"column":67}},"29":{"start":{"line":89,"column":12},"end":{"line":89,"column":67}},"30":{"start":{"line":95,"column":8},"end":{"line":95,"column":49}},"31":{"start":{"line":99,"column":8},"end":{"line":99,"column":37}},"32":{"start":{"line":100,"column":8},"end":{"line":100,"column":45}},"33":{"start":{"line":101,"column":8},"end":{"line":101,"column":66}},"34":{"start":{"line":103,"column":8},"end":{"line":103,"column":63}},"35":{"start":{"line":105,"column":8},"end":{"line":105,"column":30}}},"branchMap":{"1":{"line":40,"type":"if","locations":[{"start":{"line":40,"column":8},"end":{"line":40,"column":8}},{"start":{"line":40,"column":8},"end":{"line":40,"column":8}}]},"2":{"line":41,"type":"if","locations":[{"start":{"line":41,"column":8},"end":{"line":41,"column":8}},{"start":{"line":41,"column":8},"end":{"line":41,"column":8}}]},"3":{"line":42,"type":"if","locations":[{"start":{"line":42,"column":8},"end":{"line":42,"column":8}},{"start":{"line":42,"column":8},"end":{"line":42,"column":8}}]},"4":{"line":62,"type":"if","locations":[{"start":{"line":62,"column":8},"end":{"line":62,"column":8}},{"start":{"line":62,"column":8},"end":{"line":62,"column":8}}]},"5":{"line":63,"type":"if","locations":[{"start":{"line":63,"column":8},"end":{"line":63,"column":8}},{"start":{"line":63,"column":8},"end":{"line":63,"column":8}}]},"6":{"line":64,"type":"if","locations":[{"start":{"line":64,"column":8},"end":{"line":64,"column":8}},{"start":{"line":64,"column":8},"end":{"line":64,"column":8}}]},"7":{"line":65,"type":"if","locations":[{"start":{"line":65,"column":8},"end":{"line":65,"column":8}},{"start":{"line":65,"column":8},"end":{"line":65,"column":8}}]},"8":{"line":77,"type":"if","locations":[{"start":{"line":77,"column":8},"end":{"line":77,"column":8}},{"start":{"line":77,"column":8},"end":{"line":77,"column":8}}]},"9":{"line":82,"type":"if","locations":[{"start":{"line":82,"column":15},"end":{"line":82,"column":15}},{"start":{"line":82,"column":15},"end":{"line":82,"column":15}}]},"10":{"line":100,"type":"if","locations":[{"start":{"line":100,"column":8},"end":{"line":100,"column":8}},{"start":{"line":100,"column":8},"end":{"line":100,"column":8}}]},"11":{"line":101,"type":"if","locations":[{"start":{"line":101,"column":8},"end":{"line":101,"column":8}},{"start":{"line":101,"column":8},"end":{"line":101,"column":8}}]}}}}